[0.006s] Invoking command in '/home/blazar/lawny_ws/build/control': /usr/bin/cmake --build /home/blazar/lawny_ws/build/control -- -j16 -l16
[0.019s] /usr/bin/cmake -S/home/blazar/lawny_ws/src/control -B/home/blazar/lawny_ws/build/control --check-build-system CMakeFiles/Makefile.cmake 0
[0.026s] Re-run cmake file: Makefile older than: /home/blazar/lawny_ws/src/control/package.xml
[0.029s] -- Found ament_cmake: 1.3.11 (/opt/ros/humble/share/ament_cmake/cmake)
[0.110s] -- Found rosidl_default_generators: 1.2.0 (/opt/ros/humble/share/rosidl_default_generators/cmake)
[0.111s] -- Using all available rosidl_typesupport_c: rosidl_typesupport_fastrtps_c;rosidl_typesupport_introspection_c
[0.112s] -- Found rosidl_adapter: 3.1.6 (/opt/ros/humble/share/rosidl_adapter/cmake)
[0.130s] -- Using all available rosidl_typesupport_cpp: rosidl_typesupport_fastrtps_cpp;rosidl_typesupport_introspection_cpp
[0.148s] -- Found rclpy: 3.3.15 (/opt/ros/humble/share/rclpy/cmake)
[0.148s] -- Found geometry_msgs: 4.2.4 (/opt/ros/humble/share/geometry_msgs/cmake)
[0.280s] Error parsing '/home/blazar/lawny_ws/src/control/package.xml':
[0.301s] Traceback (most recent call last):
[0.301s]   File "/opt/ros/humble/share/ament_cmake_core/cmake/core/package_xml_2_cmake.py", line 150, in <module>
[0.301s]     main()
[0.301s]   File "/opt/ros/humble/share/ament_cmake_core/cmake/core/package_xml_2_cmake.py", line 53, in main
[0.301s]     raise e
[0.301s]   File "/opt/ros/humble/share/ament_cmake_core/cmake/core/package_xml_2_cmake.py", line 49, in main
[0.301s]     package = parse_package_string(
[0.301s]   File "/usr/lib/python3/dist-packages/catkin_pkg/package.py", line 788, in parse_package_string
[0.301s]     pkg.validate(warnings=warnings)
[0.301s]   File "/usr/lib/python3/dist-packages/catkin_pkg/package.py", line 330, in validate
[0.301s]     raise InvalidPackage('\n'.join(errors), self.filename)
[0.301s] catkin_pkg.package.InvalidPackage: Error(s) in package '/home/blazar/lawny_ws/src/control/package.xml':
[0.301s] The package "control" must not "build_depend" on a package with the same name as this package
[0.301s] The package "control" must not "build_export_depend" on a package with the same name as this package
[0.301s] The package "control" must not "exec_depend" on a package with the same name as this package
[0.308s] [31mCMake Error at /opt/ros/humble/share/ament_cmake_core/cmake/core/ament_package_xml.cmake:95 (message):
[0.308s]   execute_process(/usr/bin/python3
[0.308s]   /opt/ros/humble/share/ament_cmake_core/cmake/core/package_xml_2_cmake.py
[0.308s]   /home/blazar/lawny_ws/src/control/package.xml
[0.308s]   /home/blazar/lawny_ws/build/control/ament_cmake_core/package.cmake)
[0.308s]   returned error code 1
[0.309s] Call Stack (most recent call first):
[0.309s]   /opt/ros/humble/share/ament_cmake_core/cmake/core/ament_package_xml.cmake:49 (_ament_package_xml)
[0.309s]   /opt/ros/humble/share/rosidl_cmake/cmake/rosidl_generate_interfaces.cmake:226 (ament_package_xml)
[0.309s]   CMakeLists.txt:18 (rosidl_generate_interfaces)
[0.309s] 
[0.309s] [0m
[0.309s] -- Configuring incomplete, errors occurred!
[0.309s] See also "/home/blazar/lawny_ws/build/control/CMakeFiles/CMakeOutput.log".
[0.313s] gmake: *** [Makefile:750: cmake_check_build_system] Error 1
[0.315s] Invoked command in '/home/blazar/lawny_ws/build/control' returned '2': /usr/bin/cmake --build /home/blazar/lawny_ws/build/control -- -j16 -l16
